<?xml version="1.0" encoding="UTF-8"?>
<testng-results skipped="0" failed="0" total="1" passed="1">
  <reporter-output>
  </reporter-output>
  <suite name="Suite" duration-ms="14417" started-at="2019-07-19T10:24:06Z" finished-at="2019-07-19T10:24:21Z">
    <groups>
    </groups>
    <test name="Test" duration-ms="14417" started-at="2019-07-19T10:24:06Z" finished-at="2019-07-19T10:24:21Z">
      <class name="TestEngine.XmlGenerator">
        <test-method status="PASS" signature="xmlCreate()[pri:0, instance:TestEngine.XmlGenerator@7cf10a6f]" name="xmlCreate" duration-ms="14393" started-at="2019-07-19T15:54:06Z" finished-at="2019-07-19T15:54:21Z">
          <reporter-output>
          </reporter-output>
        </test-method> <!-- xmlCreate -->
      </class> <!-- TestEngine.XmlGenerator -->
    </test> <!-- Test -->
  </suite> <!-- Suite -->
</testng-results>
